<?xml version="1.0" encoding="UTF-8"?>
<!-- Generated by org.testng.reporters.JUnitXMLReporter -->
<testsuite ignored="0" hostname="DESKTOP-2PRA8EG" failures="0" tests="4" name="Add customer Test" time="5.629" errors="0" timestamp="2023-11-25T17:01:49 IST">
  <testcase classname="testcases.Addcustomertest" name="LoginTest" time="1.131"/>
  <testcase classname="testcases.Addcustomertest" name="LoginTest" time="1.08"/>
  <testcase classname="testcases.Addcustomertest" name="LoginTest" time="1.14"/>
  <testcase classname="testcases.Addcustomertest" name="LoginTest" time="0.758"/>
</testsuite> <!-- Add customer Test -->
