<?xml version="1.0" encoding="UTF-8"?>
<!-- Generated by org.testng.reporters.JUnitXMLReporter -->
<testsuite ignored="0" hostname="DESKTOP-2PRA8EG" failures="0" tests="4" name="Add account Test" time="2.781" errors="0" timestamp="2023-11-25T17:01:52 IST">
  <testcase classname="testcases.Addaccount" name="addaccount" time="0.834"/>
  <testcase classname="testcases.Addaccount" name="addaccount" time="0.548"/>
  <testcase classname="testcases.Addaccount" name="addaccount" time="0.598"/>
  <testcase classname="testcases.Addaccount" name="addaccount" time="0.483"/>
</testsuite> <!-- Add account Test -->
