<?xml version="1.0" encoding="UTF-8"?>
<!-- Generated by org.testng.reporters.JUnitXMLReporter -->
<testsuite ignored="0" hostname="DESKTOP-2PRA8EG" failures="0" tests="4" name="Customer Login Test" time="4.869" errors="0" timestamp="2023-11-25T17:01:57 IST">
  <testcase classname="testcases.CustomerLogin" name="Cutomerlogin" time="1.667"/>
  <testcase classname="testcases.CustomerLogin" name="Cutomerlogin" time="1.092"/>
  <testcase classname="testcases.CustomerLogin" name="Cutomerlogin" time="1.016"/>
  <testcase classname="testcases.CustomerLogin" name="Cutomerlogin" time="0.967"/>
</testsuite> <!-- Customer Login Test -->
