<?xml version="1.0" encoding="UTF-8"?>
<testng-results ignored="0" total="13" passed="13" failed="0" skipped="0">
  <reporter-output>
  </reporter-output>
  <suite started-at="2023-11-25T17:01:43 IST" name="Suite" finished-at="2023-11-25T17:01:57 IST" duration-ms="13652">
    <groups>
    </groups>
    <test started-at="2023-11-25T17:01:43 IST" name="Test" finished-at="2023-11-25T17:01:44 IST" duration-ms="242">
      <class name="testcases.LoginTest">
        <test-method signature="LoginAsBankManager()[pri:1, instance:testcases.LoginTest@7e9131d5]" started-at="2023-11-25T17:01:44 IST" name="LoginAsBankManager" finished-at="2023-11-25T17:01:44 IST" duration-ms="132" status="PASS">
          <reporter-output>
          </reporter-output>
        </test-method> <!-- LoginAsBankManager -->
      </class> <!-- testcases.LoginTest -->
    </test> <!-- Test -->
    <test started-at="2023-11-25T17:01:44 IST" name="Add customer Test" finished-at="2023-11-25T17:01:49 IST" duration-ms="5629">
      <class name="testcases.Addcustomertest">
        <test-method signature="LoginTest(java.lang.String,java.lang.String,java.lang.String,java.lang.String,java.lang.String)[pri:0, instance:testcases.Addcustomertest@378542de]" started-at="2023-11-25T17:01:45 IST" name="LoginTest" data-provider="bvtdata" finished-at="2023-11-25T17:01:46 IST" duration-ms="1131" status="PASS">
          <params>
            <param index="0">
              <value>
                <![CDATA[Raman]]>
              </value>
            </param>
            <param index="1">
              <value>
                <![CDATA[Arora]]>
              </value>
            </param>
            <param index="2">
              <value>
                <![CDATA[A234wd]]>
              </value>
            </param>
            <param index="3">
              <value>
                <![CDATA[]]>
              </value>
            </param>
            <param index="4">
              <value>
                <![CDATA[]]>
              </value>
            </param>
          </params>
          <reporter-output>
          </reporter-output>
        </test-method> <!-- LoginTest -->
        <test-method signature="LoginTest(java.lang.String,java.lang.String,java.lang.String,java.lang.String,java.lang.String)[pri:0, instance:testcases.Addcustomertest@378542de]" started-at="2023-11-25T17:01:46 IST" name="LoginTest" data-provider="bvtdata" finished-at="2023-11-25T17:01:47 IST" duration-ms="1080" status="PASS">
          <params>
            <param index="0">
              <value>
                <![CDATA[Raman]]>
              </value>
            </param>
            <param index="1">
              <value>
                <![CDATA[Gupta]]>
              </value>
            </param>
            <param index="2">
              <value>
                <![CDATA[A234]]>
              </value>
            </param>
            <param index="3">
              <value>
                <![CDATA[]]>
              </value>
            </param>
            <param index="4">
              <value>
                <![CDATA[]]>
              </value>
            </param>
          </params>
          <reporter-output>
          </reporter-output>
        </test-method> <!-- LoginTest -->
        <test-method signature="LoginTest(java.lang.String,java.lang.String,java.lang.String,java.lang.String,java.lang.String)[pri:0, instance:testcases.Addcustomertest@378542de]" started-at="2023-11-25T17:01:47 IST" name="LoginTest" data-provider="bvtdata" finished-at="2023-11-25T17:01:49 IST" duration-ms="1140" status="PASS">
          <params>
            <param index="0">
              <value>
                <![CDATA[Raman]]>
              </value>
            </param>
            <param index="1">
              <value>
                <![CDATA[Roy]]>
              </value>
            </param>
            <param index="2">
              <value>
                <![CDATA[A234wd23]]>
              </value>
            </param>
            <param index="3">
              <value>
                <![CDATA[]]>
              </value>
            </param>
            <param index="4">
              <value>
                <![CDATA[]]>
              </value>
            </param>
          </params>
          <reporter-output>
          </reporter-output>
        </test-method> <!-- LoginTest -->
        <test-method signature="LoginTest(java.lang.String,java.lang.String,java.lang.String,java.lang.String,java.lang.String)[pri:0, instance:testcases.Addcustomertest@378542de]" started-at="2023-11-25T17:01:49 IST" name="LoginTest" data-provider="bvtdata" finished-at="2023-11-25T17:01:49 IST" duration-ms="758" status="PASS">
          <params>
            <param index="0">
              <value>
                <![CDATA[Rani]]>
              </value>
            </param>
            <param index="1">
              <value>
                <![CDATA[Arora]]>
              </value>
            </param>
            <param index="2">
              <value>
                <![CDATA[A234wd34]]>
              </value>
            </param>
            <param index="3">
              <value>
                <![CDATA[]]>
              </value>
            </param>
            <param index="4">
              <value>
                <![CDATA[]]>
              </value>
            </param>
          </params>
          <reporter-output>
          </reporter-output>
        </test-method> <!-- LoginTest -->
      </class> <!-- testcases.Addcustomertest -->
    </test> <!-- Add customer Test -->
    <test started-at="2023-11-25T17:01:49 IST" name="Add account Test" finished-at="2023-11-25T17:01:52 IST" duration-ms="2781">
      <class name="testcases.Addaccount">
        <test-method signature="addaccount(java.lang.String,java.lang.String,java.lang.String)[pri:0, instance:testcases.Addaccount@c333c60]" started-at="2023-11-25T17:01:50 IST" name="addaccount" data-provider="bvtdata" finished-at="2023-11-25T17:01:51 IST" duration-ms="834" status="PASS">
          <params>
            <param index="0">
              <value>
                <![CDATA[Raman]]>
              </value>
            </param>
            <param index="1">
              <value>
                <![CDATA[Arora]]>
              </value>
            </param>
            <param index="2">
              <value>
                <![CDATA[A234wd]]>
              </value>
            </param>
          </params>
          <reporter-output>
          </reporter-output>
        </test-method> <!-- addaccount -->
        <test-method signature="addaccount(java.lang.String,java.lang.String,java.lang.String)[pri:0, instance:testcases.Addaccount@c333c60]" started-at="2023-11-25T17:01:51 IST" name="addaccount" data-provider="bvtdata" finished-at="2023-11-25T17:01:51 IST" duration-ms="548" status="PASS">
          <params>
            <param index="0">
              <value>
                <![CDATA[Raman]]>
              </value>
            </param>
            <param index="1">
              <value>
                <![CDATA[Gupta]]>
              </value>
            </param>
            <param index="2">
              <value>
                <![CDATA[A234]]>
              </value>
            </param>
          </params>
          <reporter-output>
          </reporter-output>
        </test-method> <!-- addaccount -->
        <test-method signature="addaccount(java.lang.String,java.lang.String,java.lang.String)[pri:0, instance:testcases.Addaccount@c333c60]" started-at="2023-11-25T17:01:51 IST" name="addaccount" data-provider="bvtdata" finished-at="2023-11-25T17:01:52 IST" duration-ms="598" status="PASS">
          <params>
            <param index="0">
              <value>
                <![CDATA[Raman]]>
              </value>
            </param>
            <param index="1">
              <value>
                <![CDATA[Roy]]>
              </value>
            </param>
            <param index="2">
              <value>
                <![CDATA[A234wd23]]>
              </value>
            </param>
          </params>
          <reporter-output>
          </reporter-output>
        </test-method> <!-- addaccount -->
        <test-method signature="addaccount(java.lang.String,java.lang.String,java.lang.String)[pri:0, instance:testcases.Addaccount@c333c60]" started-at="2023-11-25T17:01:52 IST" name="addaccount" data-provider="bvtdata" finished-at="2023-11-25T17:01:52 IST" duration-ms="483" status="PASS">
          <params>
            <param index="0">
              <value>
                <![CDATA[Rani]]>
              </value>
            </param>
            <param index="1">
              <value>
                <![CDATA[Arora]]>
              </value>
            </param>
            <param index="2">
              <value>
                <![CDATA[A234wd34]]>
              </value>
            </param>
          </params>
          <reporter-output>
          </reporter-output>
        </test-method> <!-- addaccount -->
      </class> <!-- testcases.Addaccount -->
    </test> <!-- Add account Test -->
    <test started-at="2023-11-25T17:01:52 IST" name="Customer Login Test" finished-at="2023-11-25T17:01:57 IST" duration-ms="4869">
      <class name="testcases.CustomerLogin">
        <test-method is-config="true" signature="setUp()[pri:0, instance:testcases.CustomerLogin@696da30b]" started-at="2023-11-25T17:01:37 IST" name="setUp" finished-at="2023-11-25T17:01:43 IST" duration-ms="6468" status="PASS">
          <reporter-output>
          </reporter-output>
        </test-method> <!-- setUp -->
        <test-method signature="Cutomerlogin(java.lang.String,java.lang.String,java.lang.String)[pri:0, instance:testcases.CustomerLogin@696da30b]" started-at="2023-11-25T17:01:52 IST" name="Cutomerlogin" data-provider="bvtdata" finished-at="2023-11-25T17:01:54 IST" duration-ms="1667" status="PASS">
          <params>
            <param index="0">
              <value>
                <![CDATA[Raman]]>
              </value>
            </param>
            <param index="1">
              <value>
                <![CDATA[Arora]]>
              </value>
            </param>
            <param index="2">
              <value>
                <![CDATA[A234wd23]]>
              </value>
            </param>
          </params>
          <reporter-output>
          </reporter-output>
        </test-method> <!-- Cutomerlogin -->
        <test-method signature="Cutomerlogin(java.lang.String,java.lang.String,java.lang.String)[pri:0, instance:testcases.CustomerLogin@696da30b]" started-at="2023-11-25T17:01:54 IST" name="Cutomerlogin" data-provider="bvtdata" finished-at="2023-11-25T17:01:55 IST" duration-ms="1092" status="PASS">
          <params>
            <param index="0">
              <value>
                <![CDATA[Raman]]>
              </value>
            </param>
            <param index="1">
              <value>
                <![CDATA[Gupta]]>
              </value>
            </param>
            <param index="2">
              <value>
                <![CDATA[A234wd24]]>
              </value>
            </param>
          </params>
          <reporter-output>
          </reporter-output>
        </test-method> <!-- Cutomerlogin -->
        <test-method signature="Cutomerlogin(java.lang.String,java.lang.String,java.lang.String)[pri:0, instance:testcases.CustomerLogin@696da30b]" started-at="2023-11-25T17:01:55 IST" name="Cutomerlogin" data-provider="bvtdata" finished-at="2023-11-25T17:01:56 IST" duration-ms="1016" status="PASS">
          <params>
            <param index="0">
              <value>
                <![CDATA[Raman]]>
              </value>
            </param>
            <param index="1">
              <value>
                <![CDATA[Roy]]>
              </value>
            </param>
            <param index="2">
              <value>
                <![CDATA[A234wd25]]>
              </value>
            </param>
          </params>
          <reporter-output>
          </reporter-output>
        </test-method> <!-- Cutomerlogin -->
        <test-method signature="Cutomerlogin(java.lang.String,java.lang.String,java.lang.String)[pri:0, instance:testcases.CustomerLogin@696da30b]" started-at="2023-11-25T17:01:56 IST" name="Cutomerlogin" data-provider="bvtdata" finished-at="2023-11-25T17:01:57 IST" duration-ms="967" status="PASS">
          <params>
            <param index="0">
              <value>
                <![CDATA[Rani]]>
              </value>
            </param>
            <param index="1">
              <value>
                <![CDATA[Arora]]>
              </value>
            </param>
            <param index="2">
              <value>
                <![CDATA[A234wd26]]>
              </value>
            </param>
          </params>
          <reporter-output>
          </reporter-output>
        </test-method> <!-- Cutomerlogin -->
      </class> <!-- testcases.CustomerLogin -->
    </test> <!-- Customer Login Test -->
  </suite> <!-- Suite -->
</testng-results>
